  Camera.cpp
  DirectionalLight.cpp
c:\users\marco\desktop\lcgeihc-finalproject\projectfinal\projectfinal\directionallight.cpp(18): warning C4244: 'argumento': conversión de 'GLfloat' a 'GLint'; posible pérdida de datos
c:\users\marco\desktop\lcgeihc-finalproject\projectfinal\projectfinal\directionallight.cpp(19): warning C4244: 'argumento': conversión de 'GLfloat' a 'GLint'; posible pérdida de datos
c:\users\marco\desktop\lcgeihc-finalproject\projectfinal\projectfinal\directionallight.cpp(21): warning C4244: 'argumento': conversión de 'GLfloat' a 'GLint'; posible pérdida de datos
c:\users\marco\desktop\lcgeihc-finalproject\projectfinal\projectfinal\directionallight.cpp(22): warning C4244: 'argumento': conversión de 'GLfloat' a 'GLint'; posible pérdida de datos
  Light.cpp
  Material.cpp
  Mesh_tn.cpp
  Model.cpp
c:\users\marco\desktop\lcgeihc-finalproject\projectfinal\projectfinal\model.cpp(13): warning C4477: 'printf' : la cadena de formato '%s' requiere un argumento de tipo 'char *', pero el argumento variádico 1 tiene el tipo 'const std::string'
c:\users\marco\desktop\lcgeihc-finalproject\projectfinal\projectfinal\model.cpp(13): warning C4474: "printf": se pasaron demasiados argumentos para la cadena de formato
  c:\users\marco\desktop\lcgeihc-finalproject\projectfinal\projectfinal\model.cpp(13): note: los marcadores de posición y sus parámetros esperan 1 argumentos variádicos, pero se proporcionaron 2
c:\users\marco\desktop\lcgeihc-finalproject\projectfinal\projectfinal\model.cpp(48): warning C4804: '<': uso no seguro del tipo 'bool' en la operación
c:\users\marco\desktop\lcgeihc-finalproject\projectfinal\projectfinal\model.cpp(48): warning C4018: '<': no coinciden signed/unsigned
c:\users\marco\desktop\lcgeihc-finalproject\projectfinal\projectfinal\model.cpp(126): warning C4477: 'printf' : la cadena de formato '%s' requiere un argumento de tipo 'char *', pero el argumento variádico 1 tiene el tipo 'std::string'
  PointLight.cpp
c:\users\marco\desktop\lcgeihc-finalproject\projectfinal\projectfinal\pointlight.cpp(26): warning C4244: 'argumento': conversión de 'GLfloat' a 'GLint'; posible pérdida de datos
c:\users\marco\desktop\lcgeihc-finalproject\projectfinal\projectfinal\pointlight.cpp(27): warning C4244: 'argumento': conversión de 'GLfloat' a 'GLint'; posible pérdida de datos
c:\users\marco\desktop\lcgeihc-finalproject\projectfinal\projectfinal\pointlight.cpp(28): warning C4244: 'argumento': conversión de 'GLfloat' a 'GLint'; posible pérdida de datos
c:\users\marco\desktop\lcgeihc-finalproject\projectfinal\projectfinal\pointlight.cpp(30): warning C4244: 'argumento': conversión de 'GLfloat' a 'GLint'; posible pérdida de datos
c:\users\marco\desktop\lcgeihc-finalproject\projectfinal\projectfinal\pointlight.cpp(31): warning C4244: 'argumento': conversión de 'GLfloat' a 'GLint'; posible pérdida de datos
c:\users\marco\desktop\lcgeihc-finalproject\projectfinal\projectfinal\pointlight.cpp(32): warning C4244: 'argumento': conversión de 'GLfloat' a 'GLint'; posible pérdida de datos
c:\users\marco\desktop\lcgeihc-finalproject\projectfinal\projectfinal\pointlight.cpp(33): warning C4244: 'argumento': conversión de 'GLfloat' a 'GLint'; posible pérdida de datos
  ProyectoFinalMain.cpp
c:\users\marco\desktop\lcgeihc-finalproject\projectfinal\projectfinal\window.h(13): warning C4244: 'return': conversión de 'GLint' a 'GLfloat'; posible pérdida de datos
c:\users\marco\desktop\lcgeihc-finalproject\projectfinal\projectfinal\window.h(14): warning C4244: 'return': conversión de 'GLint' a 'GLfloat'; posible pérdida de datos
c:\users\marco\desktop\lcgeihc-finalproject\projectfinal\projectfinal\proyectofinalmain.cpp(312): warning C4244: 'inicializando': conversión de 'double' a 'GLfloat'; posible pérdida de datos
  Shader_light.cpp
c:\users\marco\desktop\lcgeihc-finalproject\projectfinal\projectfinal\shader_light.cpp(202): warning C4244: 'argumento': conversión de 'GLuint' a 'GLfloat'; posible pérdida de datos
c:\users\marco\desktop\lcgeihc-finalproject\projectfinal\projectfinal\shader_light.cpp(201): warning C4244: 'argumento': conversión de 'GLuint' a 'GLfloat'; posible pérdida de datos
c:\users\marco\desktop\lcgeihc-finalproject\projectfinal\projectfinal\shader_light.cpp(215): warning C4244: 'argumento': conversión de 'GLuint' a 'GLfloat'; posible pérdida de datos
c:\users\marco\desktop\lcgeihc-finalproject\projectfinal\projectfinal\shader_light.cpp(214): warning C4244: 'argumento': conversión de 'GLuint' a 'GLfloat'; posible pérdida de datos
c:\users\marco\desktop\lcgeihc-finalproject\projectfinal\projectfinal\shader_light.cpp(213): warning C4244: 'argumento': conversión de 'GLuint' a 'GLfloat'; posible pérdida de datos
  Skybox.cpp
  SpotLight.cpp
  Texture.cpp
  Window.cpp
c:\users\marco\desktop\lcgeihc-finalproject\projectfinal\projectfinal\window.h(13): warning C4244: 'return': conversión de 'GLint' a 'GLfloat'; posible pérdida de datos
c:\users\marco\desktop\lcgeihc-finalproject\projectfinal\projectfinal\window.h(14): warning C4244: 'return': conversión de 'GLint' a 'GLfloat'; posible pérdida de datos
c:\users\marco\desktop\lcgeihc-finalproject\projectfinal\projectfinal\window.cpp(198): warning C4244: '=': conversión de 'double' a 'GLfloat'; posible pérdida de datos
c:\users\marco\desktop\lcgeihc-finalproject\projectfinal\projectfinal\window.cpp(199): warning C4244: '=': conversión de 'double' a 'GLfloat'; posible pérdida de datos
c:\users\marco\desktop\lcgeihc-finalproject\projectfinal\projectfinal\window.cpp(203): warning C4244: '=': conversión de 'double' a 'GLfloat'; posible pérdida de datos
c:\users\marco\desktop\lcgeihc-finalproject\projectfinal\projectfinal\window.cpp(204): warning C4244: '=': conversión de 'double' a 'GLfloat'; posible pérdida de datos
c:\users\marco\desktop\lcgeihc-finalproject\projectfinal\projectfinal\window.cpp(206): warning C4244: '=': conversión de 'double' a 'GLfloat'; posible pérdida de datos
c:\users\marco\desktop\lcgeihc-finalproject\projectfinal\projectfinal\window.cpp(207): warning C4244: '=': conversión de 'double' a 'GLfloat'; posible pérdida de datos
  Generando código...
c:\users\marco\desktop\lcgeihc-finalproject\projectfinal\projectfinal\window.cpp(82): warning C4715: 'Window::Initialise': no todas las rutas de acceso de control devuelven un valor
LINK : warning LNK4098: la biblioteca predeterminada'MSVCRT' entra en conflicto con otras bibliotecas; use la biblioteca /NODEFAULTLIB:biblioteca
  ProjectFinal.vcxproj -> C:\Users\marco\Desktop\LCGEIHC-FinalProject\ProjectFinal\Debug\ProjectFinal.exe
