c:\users\marco\desktop\lcgeihc-finalproject\projectfinal\projectfinal\debug\vc141.pdb
c:\users\marco\desktop\lcgeihc-finalproject\projectfinal\projectfinal\debug\vc141.idb
c:\users\marco\desktop\lcgeihc-finalproject\projectfinal\projectfinal\debug\window.obj
c:\users\marco\desktop\lcgeihc-finalproject\projectfinal\projectfinal\debug\texture.obj
c:\users\marco\desktop\lcgeihc-finalproject\projectfinal\projectfinal\debug\spotlight.obj
c:\users\marco\desktop\lcgeihc-finalproject\projectfinal\projectfinal\debug\skybox.obj
c:\users\marco\desktop\lcgeihc-finalproject\projectfinal\projectfinal\debug\shader_light.obj
c:\users\marco\desktop\lcgeihc-finalproject\projectfinal\projectfinal\debug\proyectofinalmain.obj
c:\users\marco\desktop\lcgeihc-finalproject\projectfinal\projectfinal\debug\pointlight.obj
c:\users\marco\desktop\lcgeihc-finalproject\projectfinal\projectfinal\debug\model.obj
c:\users\marco\desktop\lcgeihc-finalproject\projectfinal\projectfinal\debug\mesh_tn.obj
c:\users\marco\desktop\lcgeihc-finalproject\projectfinal\projectfinal\debug\material.obj
c:\users\marco\desktop\lcgeihc-finalproject\projectfinal\projectfinal\debug\light.obj
c:\users\marco\desktop\lcgeihc-finalproject\projectfinal\projectfinal\debug\directionallight.obj
c:\users\marco\desktop\lcgeihc-finalproject\projectfinal\projectfinal\debug\camera.obj
c:\users\marco\desktop\lcgeihc-finalproject\projectfinal\debug\projectfinal.exe
c:\users\marco\desktop\lcgeihc-finalproject\projectfinal\debug\projectfinal.ilk
c:\users\marco\desktop\lcgeihc-finalproject\projectfinal\debug\projectfinal.pdb
c:\users\marco\desktop\lcgeihc-finalproject\projectfinal\projectfinal\debug\projectfinal.tlog\cl.command.1.tlog
c:\users\marco\desktop\lcgeihc-finalproject\projectfinal\projectfinal\debug\projectfinal.tlog\cl.read.1.tlog
c:\users\marco\desktop\lcgeihc-finalproject\projectfinal\projectfinal\debug\projectfinal.tlog\cl.write.1.tlog
c:\users\marco\desktop\lcgeihc-finalproject\projectfinal\projectfinal\debug\projectfinal.tlog\link.command.1.tlog
c:\users\marco\desktop\lcgeihc-finalproject\projectfinal\projectfinal\debug\projectfinal.tlog\link.read.1.tlog
c:\users\marco\desktop\lcgeihc-finalproject\projectfinal\projectfinal\debug\projectfinal.tlog\link.write.1.tlog
